<?xml version="1.0" encoding="UTF-8"?>
<!-- Generated by org.testng.reporters.JUnitReportReporter -->
<testsuite hostname="DESKTOP-S4FF1A9" failures="0" tests="1" name="com.bankingAutomation.testCases.TC_LoginTest_001" time="24.987" errors="0" timestamp="2024-06-24T18:23:21 IST" skipped="0">
  <testcase classname="com.bankingAutomation.testCases.TC_LoginTest_001" name="LoginTest" time="24.987"/>
  <system-out/>
</testsuite> <!-- com.bankingAutomation.testCases.TC_LoginTest_001 -->
